FULL RUN LOG:
SPDX NON-COMPLIANT FILES
/home/baywatcher/projects/test/linsorter/.gitmodules
/home/baywatcher/projects/test/linsorter/cargo/Makefile
/home/baywatcher/projects/test/linsorter/cargo/lis/.git
/home/baywatcher/projects/test/linsorter/cargo/lis/.install_verilator.sh
/home/baywatcher/projects/test/linsorter/cargo/lis/.travis.yml
/home/baywatcher/projects/test/linsorter/cargo/lis/build.sbt
/home/baywatcher/projects/test/linsorter/cargo/lis/doc/images/insertionCases.svg
/home/baywatcher/projects/test/linsorter/cargo/lis/project/plugins.sbt
/home/baywatcher/projects/test/linsorter/cargo/lis/rtl/LISTest/LISTest.v
/home/baywatcher/projects/test/linsorter/cargo/lis/rtl/LISTest/plusarg_reader.v
/home/baywatcher/projects/test/linsorter/cargo/lis/rtl/LISTestWithLA/LISTestWithLA.v
/home/baywatcher/projects/test/linsorter/cargo/lis/rtl/LISTestWithLA/plusarg_reader.v
/home/baywatcher/projects/test/linsorter/cargo/lis/src/main/scala/AXI4StreamBIST.scala
/home/baywatcher/projects/test/linsorter/cargo/lis/src/main/scala/ControlLogic.scala
/home/baywatcher/projects/test/linsorter/cargo/lis/src/main/scala/LISDspBlock.scala
/home/baywatcher/projects/test/linsorter/cargo/lis/src/main/scala/LISTest.scala
/home/baywatcher/projects/test/linsorter/cargo/lis/src/main/scala/LISTestWithLA.scala
/home/baywatcher/projects/test/linsorter/cargo/lis/src/main/scala/LISutil.scala
/home/baywatcher/projects/test/linsorter/cargo/lis/src/main/scala/LinearSorter.scala
/home/baywatcher/projects/test/linsorter/cargo/lis/src/main/scala/PE.scala
/home/baywatcher/projects/test/linsorter/cargo/lis/src/test/scala/AXI4LinearSorterSpec.scala
/home/baywatcher/projects/test/linsorter/cargo/lis/src/test/scala/LISTestBISTTesters.scala
/home/baywatcher/projects/test/linsorter/cargo/lis/src/test/scala/LISTestPINTesters.scala
/home/baywatcher/projects/test/linsorter/cargo/lis/src/test/scala/LISTestSpec.scala
/home/baywatcher/projects/test/linsorter/cargo/lis/src/test/scala/LISTesterUtils.scala
/home/baywatcher/projects/test/linsorter/cargo/lis/src/test/scala/LinearSorterSpec.scala
/home/baywatcher/projects/test/linsorter/cargo/lis/src/test/scala/LinearSorterTesters.scala
/home/baywatcher/projects/test/linsorter/cargo/lis/utils/splitter/Splitter.scala
/home/baywatcher/projects/test/linsorter/cargo/lis/utils/uart/DSPBlockUART.scala
/home/baywatcher/projects/test/linsorter/cargo/lis/utils/uart/OM_UART.scala
/home/baywatcher/projects/test/linsorter/cargo/lis/utils/uart/RegMapFIFO.scala
/home/baywatcher/projects/test/linsorter/cargo/lis/utils/uart/UARTCtrlRegs.scala
/home/baywatcher/projects/test/linsorter/cargo/lis/utils/uart/UARTRx.scala
/home/baywatcher/projects/test/linsorter/cargo/lis/utils/uart/UARTTx.scala
/home/baywatcher/projects/test/linsorter/cargo/lis/verilog_history/D_14_12_2020_T_20_30/LISTest.v
/home/baywatcher/projects/test/linsorter/cargo/lis/verilog_history/D_14_12_2020_T_20_30/plusarg_reader.v
/home/baywatcher/projects/test/linsorter/cargo/lis/verilog_history/D_14_12_2020_T_20_30/verilog_info.txt
/home/baywatcher/projects/test/linsorter/cargo/lis/verilog_history/D_8_12_2020/LISTest.v
/home/baywatcher/projects/test/linsorter/cargo/lis/verilog_history/D_8_12_2020/plusarg_reader.v
/home/baywatcher/projects/test/linsorter/cargo/lis/verilog_history/D_8_12_2020/verilog_info.txt
/home/baywatcher/projects/test/linsorter/cargo/top/dv/LISTest/compare.py
/home/baywatcher/projects/test/linsorter/cargo/top/dv/LISTest/defs.h
/home/baywatcher/projects/test/linsorter/cargo/top/dv/LISTest/lisDefs.h
/home/baywatcher/projects/test/linsorter/cargo/top/dv/LISTest/plot.py
/home/baywatcher/projects/test/linsorter/cargo/top/dv/LISTest/sections.lds
/home/baywatcher/projects/test/linsorter/cargo/top/dv/LISTest/spiflash.v
/home/baywatcher/projects/test/linsorter/cargo/top/dv/LISTest/start.s
/home/baywatcher/projects/test/linsorter/cargo/top/dv/LISTest/stub.c
/home/baywatcher/projects/test/linsorter/cargo/top/dv/LISTest/tbuart.v
/home/baywatcher/projects/test/linsorter/cargo/top/dv/LISTest/uart_rx.v
/home/baywatcher/projects/test/linsorter/cargo/top/dv/LISTest/uart_tx.v
/home/baywatcher/projects/test/linsorter/cargo/top/dv/LISTest/lis/Makefile
/home/baywatcher/projects/test/linsorter/cargo/top/dv/LISTest/lis/BIST_LISFIFO_POUT/BIST_LISFIFO_POUT.c
/home/baywatcher/projects/test/linsorter/cargo/top/dv/LISTest/lis/BIST_LISFIFO_POUT/BIST_LISFIFO_POUT_tb.v
/home/baywatcher/projects/test/linsorter/cargo/top/dv/LISTest/lis/BIST_LISFIFO_POUT/Makefile
/home/baywatcher/projects/test/linsorter/cargo/top/dv/LISTest/lis/BIST_LISFixed_POUT/BIST_LISFixed_POUT.c
/home/baywatcher/projects/test/linsorter/cargo/top/dv/LISTest/lis/BIST_LISFixed_POUT/BIST_LISFixed_POUT_tb.v
/home/baywatcher/projects/test/linsorter/cargo/top/dv/LISTest/lis/BIST_LISFixed_POUT/Makefile
/home/baywatcher/projects/test/linsorter/cargo/top/dv/LISTest/lis/BIST_LISInput_POUT/BIST_LISInput_POUT.c
/home/baywatcher/projects/test/linsorter/cargo/top/dv/LISTest/lis/BIST_LISInput_POUT/BIST_LISInput_POUT_tb.v
/home/baywatcher/projects/test/linsorter/cargo/top/dv/LISTest/lis/BIST_LISInput_POUT/Makefile
/home/baywatcher/projects/test/linsorter/cargo/top/dv/LISTest/lis/PIN_LISFIFO_POUT/Makefile
/home/baywatcher/projects/test/linsorter/cargo/top/dv/LISTest/lis/PIN_LISFIFO_POUT/PIN_LISFIFO_POUT.c
/home/baywatcher/projects/test/linsorter/cargo/top/dv/LISTest/lis/PIN_LISFIFO_POUT/PIN_LISFIFO_POUT_tb.v
/home/baywatcher/projects/test/linsorter/cargo/top/dv/LISTest/lis/PIN_LISFixed_POUT/Makefile
/home/baywatcher/projects/test/linsorter/cargo/top/dv/LISTest/lis/PIN_LISFixed_POUT/PIN_LISFixed_POUT.c
/home/baywatcher/projects/test/linsorter/cargo/top/dv/LISTest/lis/PIN_LISFixed_POUT/PIN_LISFixed_POUT_tb.v
/home/baywatcher/projects/test/linsorter/cargo/top/dv/LISTest/lis/PIN_LISInput_POUT/Makefile
/home/baywatcher/projects/test/linsorter/cargo/top/dv/LISTest/lis/PIN_LISInput_POUT/PIN_LISInput_POUT.c
/home/baywatcher/projects/test/linsorter/cargo/top/dv/LISTest/lis/PIN_LISInput_POUT/PIN_LISInput_POUT_tb.v
/home/baywatcher/projects/test/linsorter/cargo/top/rtl/LISTest/user_proj_example.v
/home/baywatcher/projects/test/linsorter/cargo/wb2axip/.git
/home/baywatcher/projects/test/linsorter/cargo/wb2axip/Makefile
/home/baywatcher/projects/test/linsorter/cargo/wb2axip/README.md
/home/baywatcher/projects/test/linsorter/cargo/wb2axip/wb2axip.core
/home/baywatcher/projects/test/linsorter/cargo/wb2axip/bench/README.md
/home/baywatcher/projects/test/linsorter/cargo/wb2axip/bench/cpp/Makefile
/home/baywatcher/projects/test/linsorter/cargo/wb2axip/bench/cpp/aximemsim.cpp
/home/baywatcher/projects/test/linsorter/cargo/wb2axip/bench/cpp/aximemsim.h
/home/baywatcher/projects/test/linsorter/cargo/wb2axip/bench/formal/Makefile
/home/baywatcher/projects/test/linsorter/cargo/wb2axip/bench/formal/README.md
/home/baywatcher/projects/test/linsorter/cargo/wb2axip/bench/formal/addrdecode.sby
/home/baywatcher/projects/test/linsorter/cargo/wb2axip/bench/formal/afifo.gtkw
/home/baywatcher/projects/test/linsorter/cargo/wb2axip/bench/formal/afifo.sby
/home/baywatcher/projects/test/linsorter/cargo/wb2axip/bench/formal/apbslave.gtkw
/home/baywatcher/projects/test/linsorter/cargo/wb2axip/bench/formal/apbslave.sby
/home/baywatcher/projects/test/linsorter/cargo/wb2axip/bench/formal/axi3reorder.sby
/home/baywatcher/projects/test/linsorter/cargo/wb2axip/bench/formal/axi_addr_miter.sby
/home/baywatcher/projects/test/linsorter/cargo/wb2axip/bench/formal/axi_addr_miter.v
/home/baywatcher/projects/test/linsorter/cargo/wb2axip/bench/formal/axil2apb.gtkw
/home/baywatcher/projects/test/linsorter/cargo/wb2axip/bench/formal/axil2apb.sby
/home/baywatcher/projects/test/linsorter/cargo/wb2axip/bench/formal/axil2axis.gtkw
/home/baywatcher/projects/test/linsorter/cargo/wb2axip/bench/formal/axil2axis.sby
/home/baywatcher/projects/test/linsorter/cargo/wb2axip/bench/formal/axildouble.sby
/home/baywatcher/projects/test/linsorter/cargo/wb2axip/bench/formal/axilrd2wbsp.gtkw
/home/baywatcher/projects/test/linsorter/cargo/wb2axip/bench/formal/axilrd2wbsp.sby
/home/baywatcher/projects/test/linsorter/cargo/wb2axip/bench/formal/axilsafety.gtkw
/home/baywatcher/projects/test/linsorter/cargo/wb2axip/bench/formal/axilsafety.sby
/home/baywatcher/projects/test/linsorter/cargo/wb2axip/bench/formal/axilsingle.gtkw
/home/baywatcher/projects/test/linsorter/cargo/wb2axip/bench/formal/axilsingle.sby
/home/baywatcher/projects/test/linsorter/cargo/wb2axip/bench/formal/axilwr2wbsp.sby
/home/baywatcher/projects/test/linsorter/cargo/wb2axip/bench/formal/axilxbar.sby
/home/baywatcher/projects/test/linsorter/cargo/wb2axip/bench/formal/axilxbar_4x1.gtkw
/home/baywatcher/projects/test/linsorter/cargo/wb2axip/bench/formal/axilxbar_cvr1x3.gtkw
/home/baywatcher/projects/test/linsorter/cargo/wb2axip/bench/formal/axilxbar_prf1x8.gtkw
/home/baywatcher/projects/test/linsorter/cargo/wb2axip/bench/formal/axim2wbsp.ys
/home/baywatcher/projects/test/linsorter/cargo/wb2axip/bench/formal/aximrd2wbsp.gtkw
/home/baywatcher/projects/test/linsorter/cargo/wb2axip/bench/formal/aximrd2wbsp.sby
/home/baywatcher/projects/test/linsorter/cargo/wb2axip/bench/formal/axiperf.sby
/home/baywatcher/projects/test/linsorter/cargo/wb2axip/bench/formal/axisgfsm.gtkw
/home/baywatcher/projects/test/linsorter/cargo/wb2axip/bench/formal/axisgfsm.sby
/home/baywatcher/projects/test/linsorter/cargo/wb2axip/bench/formal/axisrandom.sby
/home/baywatcher/projects/test/linsorter/cargo/wb2axip/bench/formal/axissafety.gtkw
/home/baywatcher/projects/test/linsorter/cargo/wb2axip/bench/formal/axissafety.sby
/home/baywatcher/projects/test/linsorter/cargo/wb2axip/bench/formal/axisswitch.gtkw
/home/baywatcher/projects/test/linsorter/cargo/wb2axip/bench/formal/axisswitch.sby
/home/baywatcher/projects/test/linsorter/cargo/wb2axip/bench/formal/axlite2wbsp.gtkw
/home/baywatcher/projects/test/linsorter/cargo/wb2axip/bench/formal/axlite2wbsp.sby
/home/baywatcher/projects/test/linsorter/cargo/wb2axip/bench/formal/demoaxi.gtkw
/home/baywatcher/projects/test/linsorter/cargo/wb2axip/bench/formal/demoaxi.sby
/home/baywatcher/projects/test/linsorter/cargo/wb2axip/bench/formal/easyaxil.gtkw
/home/baywatcher/projects/test/linsorter/cargo/wb2axip/bench/formal/easyaxil.sby
/home/baywatcher/projects/test/linsorter/cargo/wb2axip/bench/formal/f_order.v
/home/baywatcher/projects/test/linsorter/cargo/wb2axip/bench/formal/fapb_master.v
/home/baywatcher/projects/test/linsorter/cargo/wb2axip/bench/formal/fapb_slave.v
/home/baywatcher/projects/test/linsorter/cargo/wb2axip/bench/formal/fav_slave.v
/home/baywatcher/projects/test/linsorter/cargo/wb2axip/bench/formal/faxi_addr.v
/home/baywatcher/projects/test/linsorter/cargo/wb2axip/bench/formal/faxi_master.v
/home/baywatcher/projects/test/linsorter/cargo/wb2axip/bench/formal/faxi_slave.v
/home/baywatcher/projects/test/linsorter/cargo/wb2axip/bench/formal/faxil_master.v
/home/baywatcher/projects/test/linsorter/cargo/wb2axip/bench/formal/faxil_slave.v
/home/baywatcher/projects/test/linsorter/cargo/wb2axip/bench/formal/faxis_master.v
/home/baywatcher/projects/test/linsorter/cargo/wb2axip/bench/formal/faxis_slave.v
/home/baywatcher/projects/test/linsorter/cargo/wb2axip/bench/formal/fwb_master.v
/home/baywatcher/projects/test/linsorter/cargo/wb2axip/bench/formal/fwb_slave.v
/home/baywatcher/projects/test/linsorter/cargo/wb2axip/bench/formal/fwbc_master.v
/home/baywatcher/projects/test/linsorter/cargo/wb2axip/bench/formal/fwbc_slave.v
/home/baywatcher/projects/test/linsorter/cargo/wb2axip/bench/formal/passcheck.sh
/home/baywatcher/projects/test/linsorter/cargo/wb2axip/bench/formal/sfifo.sby
/home/baywatcher/projects/test/linsorter/cargo/wb2axip/bench/formal/skidbuffer.gtkw
/home/baywatcher/projects/test/linsorter/cargo/wb2axip/bench/formal/skidbuffer.sby
/home/baywatcher/projects/test/linsorter/cargo/wb2axip/bench/formal/wbarbiter.gtkw
/home/baywatcher/projects/test/linsorter/cargo/wb2axip/bench/formal/wbarbiter.sby
/home/baywatcher/projects/test/linsorter/cargo/wb2axip/bench/formal/wbc2pipeline.sby
/home/baywatcher/projects/test/linsorter/cargo/wb2axip/bench/formal/wbm2axilite.sby
/home/baywatcher/projects/test/linsorter/cargo/wb2axip/bench/formal/wbm2axisp.sby
/home/baywatcher/projects/test/linsorter/cargo/wb2axip/bench/formal/wbm2axisp.ys
/home/baywatcher/projects/test/linsorter/cargo/wb2axip/bench/formal/wbp2classic.gtkw
/home/baywatcher/projects/test/linsorter/cargo/wb2axip/bench/formal/wbp2classic.sby
/home/baywatcher/projects/test/linsorter/cargo/wb2axip/bench/formal/wbsafety.gtkw
/home/baywatcher/projects/test/linsorter/cargo/wb2axip/bench/formal/wbsafety.sby
/home/baywatcher/projects/test/linsorter/cargo/wb2axip/bench/formal/wbxbar.sby
/home/baywatcher/projects/test/linsorter/cargo/wb2axip/bench/formal/wbxclk.gtkw
/home/baywatcher/projects/test/linsorter/cargo/wb2axip/bench/formal/wbxclk.sby
/home/baywatcher/projects/test/linsorter/cargo/wb2axip/bench/formal/xlnxdemo.gtkw
/home/baywatcher/projects/test/linsorter/cargo/wb2axip/bench/formal/xlnxdemo.sby
/home/baywatcher/projects/test/linsorter/cargo/wb2axip/bench/formal/xlnxdemo.v
/home/baywatcher/projects/test/linsorter/cargo/wb2axip/bench/formal/xlnxfull_2018_3.v
/home/baywatcher/projects/test/linsorter/cargo/wb2axip/bench/formal/xlnxstream_2018_3.gtkw
/home/baywatcher/projects/test/linsorter/cargo/wb2axip/bench/formal/xlnxstream_2018_3.sby
/home/baywatcher/projects/test/linsorter/cargo/wb2axip/bench/formal/xlnxstream_2018_3.v
/home/baywatcher/projects/test/linsorter/cargo/wb2axip/bench/mcy/easyaxil/Makefile
/home/baywatcher/projects/test/linsorter/cargo/wb2axip/bench/mcy/easyaxil/axi_tb.h
/home/baywatcher/projects/test/linsorter/cargo/wb2axip/bench/mcy/easyaxil/config.mcy
/home/baywatcher/projects/test/linsorter/cargo/wb2axip/bench/mcy/easyaxil/devbus.h
/home/baywatcher/projects/test/linsorter/cargo/wb2axip/bench/mcy/easyaxil/easyaxil_tb.cpp
/home/baywatcher/projects/test/linsorter/cargo/wb2axip/bench/mcy/easyaxil/easyaxil_tb.sv
/home/baywatcher/projects/test/linsorter/cargo/wb2axip/bench/mcy/easyaxil/easyprops.sv
/home/baywatcher/projects/test/linsorter/cargo/wb2axip/bench/mcy/easyaxil/test_eq.sh
/home/baywatcher/projects/test/linsorter/cargo/wb2axip/bench/mcy/easyaxil/test_fm.sby
/home/baywatcher/projects/test/linsorter/cargo/wb2axip/bench/mcy/easyaxil/test_fm.sh
/home/baywatcher/projects/test/linsorter/cargo/wb2axip/bench/mcy/easyaxil/test_sim.sh
/home/baywatcher/projects/test/linsorter/cargo/wb2axip/bench/mcy/easyaxil/testb.h
/home/baywatcher/projects/test/linsorter/cargo/wb2axip/bench/rtl/saxi_slave.v
/home/baywatcher/projects/test/linsorter/cargo/wb2axip/doc/Makefile
/home/baywatcher/projects/test/linsorter/cargo/wb2axip/doc/axis2mm_mb.json
/home/baywatcher/projects/test/linsorter/cargo/wb2axip/doc/axis2mm_mb.svg
/home/baywatcher/projects/test/linsorter/cargo/wb2axip/doc/axis2mm_sb.json
/home/baywatcher/projects/test/linsorter/cargo/wb2axip/doc/axis2mm_sb.svg
/home/baywatcher/projects/test/linsorter/cargo/wb2axip/doc/axisafety2.svg
/home/baywatcher/projects/test/linsorter/cargo/wb2axip/doc/gfx/axi-bad-wstrb.json
/home/baywatcher/projects/test/linsorter/cargo/wb2axip/doc/gfx/axi-bad-wstrb.svg
/home/baywatcher/projects/test/linsorter/cargo/wb2axip/doc/gfx/axi-gpio-reads.json
/home/baywatcher/projects/test/linsorter/cargo/wb2axip/doc/gfx/axi-gpio-writes.json
/home/baywatcher/projects/test/linsorter/cargo/wb2axip/doc/gfx/axi-gpio-writes.svg
/home/baywatcher/projects/test/linsorter/cargo/wb2axip/doc/gfx/axi-in-everything.svg
/home/baywatcher/projects/test/linsorter/cargo/wb2axip/doc/gfx/axi-in-everything.tex
/home/baywatcher/projects/test/linsorter/cargo/wb2axip/doc/gfx/axi-last-err.json
/home/baywatcher/projects/test/linsorter/cargo/wb2axip/doc/gfx/axi-last-err.svg
/home/baywatcher/projects/test/linsorter/cargo/wb2axip/doc/gfx/axi-wdata.json
/home/baywatcher/projects/test/linsorter/cargo/wb2axip/doc/gfx/axi-wdata.svg
/home/baywatcher/projects/test/linsorter/cargo/wb2axip/doc/gfx/axi2axil-read-burst.json
/home/baywatcher/projects/test/linsorter/cargo/wb2axip/doc/gfx/axi2axil-read-burst.svg
/home/baywatcher/projects/test/linsorter/cargo/wb2axip/doc/gfx/axi2axil-read-single.json
/home/baywatcher/projects/test/linsorter/cargo/wb2axip/doc/gfx/axi2axil-read-single.svg
/home/baywatcher/projects/test/linsorter/cargo/wb2axip/doc/gfx/axi2axil-write-burst.json
/home/baywatcher/projects/test/linsorter/cargo/wb2axip/doc/gfx/axi2axil-write-burst.svg
/home/baywatcher/projects/test/linsorter/cargo/wb2axip/doc/gfx/axidma.json
/home/baywatcher/projects/test/linsorter/cargo/wb2axip/doc/gfx/axidma.svg
/home/baywatcher/projects/test/linsorter/cargo/wb2axip/doc/gfx/axidouble-read.json
/home/baywatcher/projects/test/linsorter/cargo/wb2axip/doc/gfx/axidouble-read.svg
/home/baywatcher/projects/test/linsorter/cargo/wb2axip/doc/gfx/axidouble-write.json
/home/baywatcher/projects/test/linsorter/cargo/wb2axip/doc/gfx/axidouble-write.svg
/home/baywatcher/projects/test/linsorter/cargo/wb2axip/doc/gfx/axifull-bvalid-fail.json
/home/baywatcher/projects/test/linsorter/cargo/wb2axip/doc/gfx/axifull-bvalid-fail.svg
/home/baywatcher/projects/test/linsorter/cargo/wb2axip/doc/gfx/axifull-rd.json
/home/baywatcher/projects/test/linsorter/cargo/wb2axip/doc/gfx/axifull-rd.svg
/home/baywatcher/projects/test/linsorter/cargo/wb2axip/doc/gfx/axifull-rdid.json
/home/baywatcher/projects/test/linsorter/cargo/wb2axip/doc/gfx/axifull-rdid.svg
/home/baywatcher/projects/test/linsorter/cargo/wb2axip/doc/gfx/axifull-rdwr.json
/home/baywatcher/projects/test/linsorter/cargo/wb2axip/doc/gfx/axifull-rdwr.svg
/home/baywatcher/projects/test/linsorter/cargo/wb2axip/doc/gfx/axifull-wlast.json
/home/baywatcher/projects/test/linsorter/cargo/wb2axip/doc/gfx/axifull-wlast.svg
/home/baywatcher/projects/test/linsorter/cargo/wb2axip/doc/gfx/axifull-wr.json
/home/baywatcher/projects/test/linsorter/cargo/wb2axip/doc/gfx/axifull-wr.svg
/home/baywatcher/projects/test/linsorter/cargo/wb2axip/doc/gfx/axil-double-valid.json
/home/baywatcher/projects/test/linsorter/cargo/wb2axip/doc/gfx/axil-missed-handshake.json
/home/baywatcher/projects/test/linsorter/cargo/wb2axip/doc/gfx/axilsafety-readfault-burst.svg
/home/baywatcher/projects/test/linsorter/cargo/wb2axip/doc/gfx/aximrd2wbsp.json
/home/baywatcher/projects/test/linsorter/cargo/wb2axip/doc/gfx/aximwr2wbsp-burst.json
/home/baywatcher/projects/test/linsorter/cargo/wb2axip/doc/gfx/aximwr2wbsp-single.json
/home/baywatcher/projects/test/linsorter/cargo/wb2axip/doc/gfx/axivdma.json
/home/baywatcher/projects/test/linsorter/cargo/wb2axip/doc/gfx/axivdma.svg
/home/baywatcher/projects/test/linsorter/cargo/wb2axip/doc/gfx/axivfifo.json
/home/baywatcher/projects/test/linsorter/cargo/wb2axip/doc/gfx/axivfifo.svg
/home/baywatcher/projects/test/linsorter/cargo/wb2axip/doc/gfx/wbaxi-bridge-rresp-fail.json
/home/baywatcher/projects/test/linsorter/cargo/wb2axip/doc/gfx/wbaxi-bridge-rresp-fail.svg
/home/baywatcher/projects/test/linsorter/cargo/wb2axip/doc/gfx/wbxclk.json
/home/baywatcher/projects/test/linsorter/cargo/wb2axip/doc/gfx/wbxclk.svg
/home/baywatcher/projects/test/linsorter/cargo/wb2axip/doc/gfx/xlnxstream.json
/home/baywatcher/projects/test/linsorter/cargo/wb2axip/doc/gfx/xlnxstream.svg
/home/baywatcher/projects/test/linsorter/cargo/wb2axip/doc/src/gpl-3.0.tex
/home/baywatcher/projects/test/linsorter/cargo/wb2axip/rtl/Makefile
/home/baywatcher/projects/test/linsorter/cargo/wb2axip/rtl/addrdecode.v
/home/baywatcher/projects/test/linsorter/cargo/wb2axip/rtl/afifo.v
/home/baywatcher/projects/test/linsorter/cargo/wb2axip/rtl/apbslave.v
/home/baywatcher/projects/test/linsorter/cargo/wb2axip/rtl/axi2axi3.v
/home/baywatcher/projects/test/linsorter/cargo/wb2axip/rtl/axi2axilite.v
/home/baywatcher/projects/test/linsorter/cargo/wb2axip/rtl/axi32axi.v
/home/baywatcher/projects/test/linsorter/cargo/wb2axip/rtl/axi3reorder.v
/home/baywatcher/projects/test/linsorter/cargo/wb2axip/rtl/axi_addr.v
/home/baywatcher/projects/test/linsorter/cargo/wb2axip/rtl/axidma.v
/home/baywatcher/projects/test/linsorter/cargo/wb2axip/rtl/axidouble.v
/home/baywatcher/projects/test/linsorter/cargo/wb2axip/rtl/axiempty.v
/home/baywatcher/projects/test/linsorter/cargo/wb2axip/rtl/axil2apb.v
/home/baywatcher/projects/test/linsorter/cargo/wb2axip/rtl/axil2axis.v
/home/baywatcher/projects/test/linsorter/cargo/wb2axip/rtl/axildouble.v
/home/baywatcher/projects/test/linsorter/cargo/wb2axip/rtl/axilempty.v
/home/baywatcher/projects/test/linsorter/cargo/wb2axip/rtl/axilfetch.v
/home/baywatcher/projects/test/linsorter/cargo/wb2axip/rtl/axilite2axi.v
/home/baywatcher/projects/test/linsorter/cargo/wb2axip/rtl/axilrd2wbsp.v
/home/baywatcher/projects/test/linsorter/cargo/wb2axip/rtl/axilsafety.v
/home/baywatcher/projects/test/linsorter/cargo/wb2axip/rtl/axilsingle.v
/home/baywatcher/projects/test/linsorter/cargo/wb2axip/rtl/axilwr2wbsp.v
/home/baywatcher/projects/test/linsorter/cargo/wb2axip/rtl/axilxbar.v
/home/baywatcher/projects/test/linsorter/cargo/wb2axip/rtl/axim2wbsp.v
/home/baywatcher/projects/test/linsorter/cargo/wb2axip/rtl/aximm2s.v
/home/baywatcher/projects/test/linsorter/cargo/wb2axip/rtl/aximrd2wbsp.v
/home/baywatcher/projects/test/linsorter/cargo/wb2axip/rtl/aximwr2wbsp.v
/home/baywatcher/projects/test/linsorter/cargo/wb2axip/rtl/axiperf.v
/home/baywatcher/projects/test/linsorter/cargo/wb2axip/rtl/axis2mm.v
/home/baywatcher/projects/test/linsorter/cargo/wb2axip/rtl/axisafety.v
/home/baywatcher/projects/test/linsorter/cargo/wb2axip/rtl/axisgdma.v
/home/baywatcher/projects/test/linsorter/cargo/wb2axip/rtl/axisgfsm.v
/home/baywatcher/projects/test/linsorter/cargo/wb2axip/rtl/axisrandom.v
/home/baywatcher/projects/test/linsorter/cargo/wb2axip/rtl/axissafety.v
/home/baywatcher/projects/test/linsorter/cargo/wb2axip/rtl/axisswitch.v
/home/baywatcher/projects/test/linsorter/cargo/wb2axip/rtl/axivcamera.v
/home/baywatcher/projects/test/linsorter/cargo/wb2axip/rtl/axivdisplay.v
/home/baywatcher/projects/test/linsorter/cargo/wb2axip/rtl/axivfifo.v
/home/baywatcher/projects/test/linsorter/cargo/wb2axip/rtl/axixbar.v
/home/baywatcher/projects/test/linsorter/cargo/wb2axip/rtl/axixclk.v
/home/baywatcher/projects/test/linsorter/cargo/wb2axip/rtl/axlite2wbsp.v
/home/baywatcher/projects/test/linsorter/cargo/wb2axip/rtl/axlite_wrapper.vhd
/home/baywatcher/projects/test/linsorter/cargo/wb2axip/rtl/demoaxi.v
/home/baywatcher/projects/test/linsorter/cargo/wb2axip/rtl/demofull.v
/home/baywatcher/projects/test/linsorter/cargo/wb2axip/rtl/easyaxil.v
/home/baywatcher/projects/test/linsorter/cargo/wb2axip/rtl/migsdram.v
/home/baywatcher/projects/test/linsorter/cargo/wb2axip/rtl/sfifo.v
/home/baywatcher/projects/test/linsorter/cargo/wb2axip/rtl/sfifothresh.v
/home/baywatcher/projects/test/linsorter/cargo/wb2axip/rtl/skidbuffer.v
/home/baywatcher/projects/test/linsorter/cargo/wb2axip/rtl/wbarbiter.v
/home/baywatcher/projects/test/linsorter/cargo/wb2axip/rtl/wbc2pipeline.v
/home/baywatcher/projects/test/linsorter/cargo/wb2axip/rtl/wbm2axilite.v
/home/baywatcher/projects/test/linsorter/cargo/wb2axip/rtl/wbm2axisp.v
/home/baywatcher/projects/test/linsorter/cargo/wb2axip/rtl/wbp2classic.v
/home/baywatcher/projects/test/linsorter/cargo/wb2axip/rtl/wbsafety.v
/home/baywatcher/projects/test/linsorter/cargo/wb2axip/rtl/wbxbar.v
/home/baywatcher/projects/test/linsorter/cargo/wb2axip/rtl/wbxclk.v
/home/baywatcher/projects/test/linsorter/doc/caravel_datasheet.ps
/home/baywatcher/projects/test/linsorter/mag/.magicrc
/home/baywatcher/projects/test/linsorter/mag/clamp_list.txt
/home/baywatcher/projects/test/linsorter/maglef/.magicrc
/home/baywatcher/projects/test/linsorter/openlane/chip_dimensions.txt
/home/baywatcher/projects/test/linsorter/openlane/mgmt_protect/pdn.tcl
/home/baywatcher/projects/test/linsorter/openlane/user_project_wrapper/runs/user_project_wrapper/config.tcl
/home/baywatcher/projects/test/linsorter/openlane/user_project_wrapper/runs/user_project_wrapper/results/synthesis/user_project_wrapper.synthesis.v
/home/baywatcher/projects/test/linsorter/openlane/user_project_wrapper/runs/user_project_wrapper/results/synthesis/user_project_wrapper.synthesis_optimized.v
/home/baywatcher/projects/test/linsorter/openlane/user_project_wrapper/runs/user_project_wrapper/results/synthesis/user_project_wrapper.synthesis_cts.v
/home/baywatcher/projects/test/linsorter/openlane/user_project_wrapper/runs/user_project_wrapper/results/synthesis/user_project_wrapper.synthesis_preroute.v
/home/baywatcher/projects/test/linsorter/openlane/user_project_wrapper/runs/user_project_wrapper/results/routing/user_project_wrapper.def.ref
/home/baywatcher/projects/test/linsorter/openlane/user_project_wrapper/runs/user_project_wrapper/results/routing/user_project_wrapper.spef
/home/baywatcher/projects/test/linsorter/openlane/user_project_wrapper/runs/user_project_wrapper/results/magic/sky130_fd_sc_hd__inv_4.ext
/home/baywatcher/projects/test/linsorter/openlane/user_project_wrapper/runs/user_project_wrapper/results/magic/sky130_fd_sc_hd__buf_8.ext
/home/baywatcher/projects/test/linsorter/openlane/user_project_wrapper/runs/user_project_wrapper/results/magic/sky130_fd_sc_hd__a22oi_4.ext
/home/baywatcher/projects/test/linsorter/openlane/user_project_wrapper/runs/user_project_wrapper/results/magic/sky130_fd_sc_hd__o41a_4.ext
/home/baywatcher/projects/test/linsorter/openlane/user_project_wrapper/runs/user_project_wrapper/results/magic/sky130_fd_sc_hd__a2111o_4.ext
/home/baywatcher/projects/test/linsorter/openlane/user_project_wrapper/runs/user_project_wrapper/results/magic/sky130_fd_sc_hd__buf_4.ext
/home/baywatcher/projects/test/linsorter/openlane/user_project_wrapper/runs/user_project_wrapper/results/magic/sky130_fd_sc_hd__clkbuf_16.ext
/home/baywatcher/projects/test/linsorter/openlane/user_project_wrapper/runs/user_project_wrapper/results/magic/sky130_fd_sc_hd__o32a_4.ext
/home/baywatcher/projects/test/linsorter/openlane/user_project_wrapper/runs/user_project_wrapper/results/magic/sky130_fd_sc_hd__a21bo_4.ext
/home/baywatcher/projects/test/linsorter/openlane/user_project_wrapper/runs/user_project_wrapper/results/magic/sky130_fd_sc_hd__o21ai_4.ext
/home/baywatcher/projects/test/linsorter/openlane/user_project_wrapper/runs/user_project_wrapper/results/magic/sky130_fd_sc_hd__a21oi_4.ext
/home/baywatcher/projects/test/linsorter/openlane/user_project_wrapper/runs/user_project_wrapper/results/magic/sky130_fd_sc_hd__or3_4.ext
/home/baywatcher/projects/test/linsorter/openlane/user_project_wrapper/runs/user_project_wrapper/results/magic/sky130_fd_sc_hd__a21o_4.ext
/home/baywatcher/projects/test/linsorter/openlane/user_project_wrapper/runs/user_project_wrapper/results/magic/sky130_fd_sc_hd__o21a_4.ext
/home/baywatcher/projects/test/linsorter/openlane/user_project_wrapper/runs/user_project_wrapper/results/magic/sky130_fd_sc_hd__and3_4.ext
/home/baywatcher/projects/test/linsorter/openlane/user_project_wrapper/runs/user_project_wrapper/results/magic/sky130_fd_sc_hd__nor2_4.ext
/home/baywatcher/projects/test/linsorter/openlane/user_project_wrapper/runs/user_project_wrapper/results/magic/sky130_fd_sc_hd__nand2_4.ext
/home/baywatcher/projects/test/linsorter/openlane/user_project_wrapper/runs/user_project_wrapper/results/magic/sky130_fd_sc_hd__and2_4.ext
/home/baywatcher/projects/test/linsorter/openlane/user_project_wrapper/runs/user_project_wrapper/results/magic/sky130_fd_sc_hd__and4_4.ext
/home/baywatcher/projects/test/linsorter/openlane/user_project_wrapper/runs/user_project_wrapper/results/magic/sky130_fd_sc_hd__or4_4.ext
/home/baywatcher/projects/test/linsorter/openlane/user_project_wrapper/runs/user_project_wrapper/results/magic/sky130_fd_sc_hd__clkbuf_1.ext
/home/baywatcher/projects/test/linsorter/openlane/user_project_wrapper/runs/user_project_wrapper/results/magic/sky130_fd_sc_hd__or2_4.ext
/home/baywatcher/projects/test/linsorter/openlane/user_project_wrapper/runs/user_project_wrapper/results/magic/sky130_fd_sc_hd__a211o_4.ext
/home/baywatcher/projects/test/linsorter/openlane/user_project_wrapper/runs/user_project_wrapper/results/magic/sky130_fd_sc_hd__a32o_4.ext
/home/baywatcher/projects/test/linsorter/openlane/user_project_wrapper/runs/user_project_wrapper/results/magic/sky130_fd_sc_hd__a2bb2o_4.ext
/home/baywatcher/projects/test/linsorter/openlane/user_project_wrapper/runs/user_project_wrapper/results/magic/sky130_fd_sc_hd__inv_2.ext
/home/baywatcher/projects/test/linsorter/openlane/user_project_wrapper/runs/user_project_wrapper/results/magic/sky130_fd_sc_hd__dfxtp_4.ext
/home/baywatcher/projects/test/linsorter/openlane/user_project_wrapper/runs/user_project_wrapper/results/magic/sky130_fd_sc_hd__conb_1.ext
/home/baywatcher/projects/test/linsorter/openlane/user_project_wrapper/runs/user_project_wrapper/results/magic/sky130_fd_sc_hd__buf_2.ext
/home/baywatcher/projects/test/linsorter/openlane/user_project_wrapper/runs/user_project_wrapper/results/magic/sky130_fd_sc_hd__o22a_4.ext
/home/baywatcher/projects/test/linsorter/openlane/user_project_wrapper/runs/user_project_wrapper/results/magic/sky130_fd_sc_hd__decap_8.ext
/home/baywatcher/projects/test/linsorter/openlane/user_project_wrapper/runs/user_project_wrapper/results/magic/sky130_fd_sc_hd__fill_1.ext
/home/baywatcher/projects/test/linsorter/openlane/user_project_wrapper/runs/user_project_wrapper/results/magic/sky130_fd_sc_hd__fill_2.ext
/home/baywatcher/projects/test/linsorter/openlane/user_project_wrapper/runs/user_project_wrapper/results/magic/sky130_fd_sc_hd__decap_6.ext
/home/baywatcher/projects/test/linsorter/openlane/user_project_wrapper/runs/user_project_wrapper/results/magic/sky130_fd_sc_hd__decap_4.ext
/home/baywatcher/projects/test/linsorter/openlane/user_project_wrapper/runs/user_project_wrapper/results/magic/sky130_fd_sc_hd__tapvpwrvgnd_1.ext
/home/baywatcher/projects/test/linsorter/openlane/user_project_wrapper/runs/user_project_wrapper/results/magic/sky130_fd_sc_hd__decap_12.ext
/home/baywatcher/projects/test/linsorter/openlane/user_project_wrapper/runs/user_project_wrapper/results/magic/sky130_fd_sc_hd__decap_3.ext
/home/baywatcher/projects/test/linsorter/openlane/user_project_wrapper/runs/user_project_wrapper/results/magic/user_project_wrapper.ext
/home/baywatcher/projects/test/linsorter/openlane/user_project_wrapper/runs/user_project_wrapper/results/magic/user_project_wrapper.spice
/home/baywatcher/projects/test/linsorter/openlane/user_project_wrapper/runs/user_project_wrapper/results/magic/user_project_wrapper.lef.spice
/home/baywatcher/projects/test/linsorter/openlane/user_project_wrapper/runs/user_project_wrapper/results/magic/.magicrc
/home/baywatcher/projects/test/linsorter/openlane/user_project_wrapper/runs/user_project_wrapper/results/lvs/user_project_wrapper.lvs.powered.v
/home/baywatcher/projects/test/linsorter/openlane/user_project_wrapper/runs/user_project_wrapper/results/lvs/user_project_wrapper.lvs.json
/home/baywatcher/projects/test/linsorter/openlane/user_project_wrapper/runs/user_project_wrapper/tmp/trimmed.lib
/home/baywatcher/projects/test/linsorter/openlane/user_project_wrapper/runs/user_project_wrapper/tmp/tracks_copy.info
/home/baywatcher/projects/test/linsorter/openlane/user_project_wrapper/runs/user_project_wrapper/tmp/sky130_fd_sc_hd__tt_025C_1v80.no_pg.lib
/home/baywatcher/projects/test/linsorter/openlane/user_project_wrapper/runs/user_project_wrapper/tmp/opt.lib
/home/baywatcher/projects/test/linsorter/openlane/user_project_wrapper/runs/user_project_wrapper/tmp/magic_spice.tcl
/home/baywatcher/projects/test/linsorter/openlane/user_project_wrapper/runs/user_project_wrapper/tmp/synthesis/yosys.sdc
/home/baywatcher/projects/test/linsorter/openlane/user_project_wrapper/runs/user_project_wrapper/tmp/synthesis/hierarchy.dot
/home/baywatcher/projects/test/linsorter/openlane/user_project_wrapper/runs/user_project_wrapper/tmp/synthesis/yosys.pg_define.v
/home/baywatcher/projects/test/linsorter/openlane/user_project_wrapper/runs/user_project_wrapper/tmp/floorplan/ioPlacer.def.template.tmp
/home/baywatcher/projects/test/linsorter/openlane/user_project_wrapper/runs/user_project_wrapper/tmp/floorplan/ioPlacer.def.pins
/home/baywatcher/projects/test/linsorter/openlane/user_project_wrapper/runs/user_project_wrapper/tmp/routing/fastroute.guide
/home/baywatcher/projects/test/linsorter/openlane/user_project_wrapper/runs/user_project_wrapper/tmp/routing/tritonRoute.param
/home/baywatcher/projects/test/linsorter/openlane/user_project_wrapper/runs/user_project_wrapper/tmp/routing/tritonRoute.guide
/home/baywatcher/projects/test/linsorter/openlane/user_project_wrapper/runs/user_project_wrapper/logs/synthesis/yosys_runtime.txt
/home/baywatcher/projects/test/linsorter/openlane/user_project_wrapper/runs/user_project_wrapper/logs/floorplan/verilog2def_openroad_runtime.txt
/home/baywatcher/projects/test/linsorter/openlane/user_project_wrapper/runs/user_project_wrapper/logs/floorplan/tapcell_runtime.txt
/home/baywatcher/projects/test/linsorter/openlane/user_project_wrapper/runs/user_project_wrapper/logs/floorplan/pdn_runtime.txt
/home/baywatcher/projects/test/linsorter/openlane/user_project_wrapper/runs/user_project_wrapper/logs/placement/replace_runtime.txt
/home/baywatcher/projects/test/linsorter/openlane/user_project_wrapper/runs/user_project_wrapper/logs/placement/openphysyn_runtime.txt
/home/baywatcher/projects/test/linsorter/openlane/user_project_wrapper/runs/user_project_wrapper/logs/placement/opendp_runtime.txt
/home/baywatcher/projects/test/linsorter/openlane/user_project_wrapper/runs/user_project_wrapper/logs/cts/cts_runtime.txt
/home/baywatcher/projects/test/linsorter/openlane/user_project_wrapper/runs/user_project_wrapper/logs/routing/fastroute_runtime.txt
/home/baywatcher/projects/test/linsorter/openlane/user_project_wrapper/runs/user_project_wrapper/logs/routing/addspacers_runtime.txt
/home/baywatcher/projects/test/linsorter/openlane/user_project_wrapper/runs/user_project_wrapper/logs/routing/tritonRoute_runtime.txt
/home/baywatcher/projects/test/linsorter/openlane/user_project_wrapper/runs/user_project_wrapper/reports/runtime.txt
/home/baywatcher/projects/test/linsorter/openlane/user_project_wrapper/runs/user_project_wrapper/reports/manfucturability_report.rpt
/home/baywatcher/projects/test/linsorter/openlane/user_project_wrapper/runs/user_project_wrapper/reports/synthesis/yosys_pre.stat
/home/baywatcher/projects/test/linsorter/openlane/user_project_wrapper/runs/user_project_wrapper/reports/synthesis/yosys_dff.stat
/home/baywatcher/projects/test/linsorter/openlane/user_project_wrapper/runs/user_project_wrapper/reports/synthesis/yosys_2.chk.rpt
/home/baywatcher/projects/test/linsorter/openlane/user_project_wrapper/runs/user_project_wrapper/reports/synthesis/yosys_2.stat.rpt
/home/baywatcher/projects/test/linsorter/openlane/user_project_wrapper/runs/user_project_wrapper/reports/synthesis/opensta_tns.rpt
/home/baywatcher/projects/test/linsorter/openlane/user_project_wrapper/runs/user_project_wrapper/reports/synthesis/opensta_wns.rpt
/home/baywatcher/projects/test/linsorter/openlane/user_project_wrapper/runs/user_project_wrapper/reports/synthesis/opensta.timing.rpt
/home/baywatcher/projects/test/linsorter/openlane/user_project_wrapper/runs/user_project_wrapper/reports/synthesis/opensta.min_max.rpt
/home/baywatcher/projects/test/linsorter/openlane/user_project_wrapper/runs/user_project_wrapper/reports/synthesis/opensta.rpt
/home/baywatcher/projects/test/linsorter/openlane/user_project_wrapper/runs/user_project_wrapper/reports/synthesis/opensta_post_openphysyn_tns.rpt
/home/baywatcher/projects/test/linsorter/openlane/user_project_wrapper/runs/user_project_wrapper/reports/synthesis/opensta_post_openphysyn_wns.rpt
/home/baywatcher/projects/test/linsorter/openlane/user_project_wrapper/runs/user_project_wrapper/reports/synthesis/opensta_post_openphysyn.timing.rpt
/home/baywatcher/projects/test/linsorter/openlane/user_project_wrapper/runs/user_project_wrapper/reports/synthesis/opensta_post_openphysyn.min_max.rpt
/home/baywatcher/projects/test/linsorter/openlane/user_project_wrapper/runs/user_project_wrapper/reports/synthesis/opensta_post_openphysyn.rpt
/home/baywatcher/projects/test/linsorter/openlane/user_project_wrapper/runs/user_project_wrapper/reports/synthesis/opensta_spef_tns.rpt
/home/baywatcher/projects/test/linsorter/openlane/user_project_wrapper/runs/user_project_wrapper/reports/synthesis/opensta_spef_wns.rpt
/home/baywatcher/projects/test/linsorter/openlane/user_project_wrapper/runs/user_project_wrapper/reports/synthesis/opensta_spef.timing.rpt
/home/baywatcher/projects/test/linsorter/openlane/user_project_wrapper/runs/user_project_wrapper/reports/synthesis/opensta_spef.min_max.rpt
/home/baywatcher/projects/test/linsorter/openlane/user_project_wrapper/runs/user_project_wrapper/reports/synthesis/opensta_spef.rpt
/home/baywatcher/projects/test/linsorter/openlane/user_project_wrapper/runs/user_project_wrapper/reports/floorplan/verilog2def.die_area.rpt
/home/baywatcher/projects/test/linsorter/openlane/user_project_wrapper/runs/user_project_wrapper/reports/floorplan/verilog2def.core_area.rpt
/home/baywatcher/projects/test/linsorter/openlane/user_project_wrapper/runs/user_project_wrapper/reports/placement/replace.timing.rpt
/home/baywatcher/projects/test/linsorter/openlane/user_project_wrapper/runs/user_project_wrapper/reports/placement/replace.min_max.rpt
/home/baywatcher/projects/test/linsorter/openlane/user_project_wrapper/runs/user_project_wrapper/reports/placement/replace.rpt
/home/baywatcher/projects/test/linsorter/openlane/user_project_wrapper/runs/user_project_wrapper/reports/placement/replace_wns.rpt
/home/baywatcher/projects/test/linsorter/openlane/user_project_wrapper/runs/user_project_wrapper/reports/placement/replace_tns.rpt
/home/baywatcher/projects/test/linsorter/openlane/user_project_wrapper/runs/user_project_wrapper/reports/placement/openphysyn_allchecks.rpt
/home/baywatcher/projects/test/linsorter/openlane/user_project_wrapper/runs/user_project_wrapper/reports/placement/openphysyn_violators.rpt
/home/baywatcher/projects/test/linsorter/openlane/user_project_wrapper/runs/user_project_wrapper/reports/placement/openphysyn_wns.rpt
/home/baywatcher/projects/test/linsorter/openlane/user_project_wrapper/runs/user_project_wrapper/reports/placement/openphysyn_tns.rpt
/home/baywatcher/projects/test/linsorter/openlane/user_project_wrapper/runs/user_project_wrapper/reports/routing/fastroute.timing.rpt
/home/baywatcher/projects/test/linsorter/openlane/user_project_wrapper/runs/user_project_wrapper/reports/routing/fastroute.min_max.rpt
/home/baywatcher/projects/test/linsorter/openlane/user_project_wrapper/runs/user_project_wrapper/reports/routing/fastroute.rpt
/home/baywatcher/projects/test/linsorter/openlane/user_project_wrapper/runs/user_project_wrapper/reports/routing/fastroute_wns.rpt
/home/baywatcher/projects/test/linsorter/openlane/user_project_wrapper/runs/user_project_wrapper/reports/routing/fastroute_tns.rpt
/home/baywatcher/projects/test/linsorter/openlane/user_project_wrapper/runs/user_project_wrapper/reports/routing/tritonRoute.klayout.xml
/home/baywatcher/projects/test/linsorter/openlane/user_project_wrapper/runs/user_project_wrapper/reports/routing/antenna.rpt
/home/baywatcher/projects/test/linsorter/spi/lvs/DFFRAM.spice
/home/baywatcher/projects/test/linsorter/spi/lvs/chip_io.spice
/home/baywatcher/projects/test/linsorter/spi/lvs/digital_pll.spice
/home/baywatcher/projects/test/linsorter/spi/lvs/gpio_control_block.spice
/home/baywatcher/projects/test/linsorter/spi/lvs/mgmt_core.spice
/home/baywatcher/projects/test/linsorter/spi/lvs/mgmt_protect.spice
/home/baywatcher/projects/test/linsorter/spi/lvs/mgmt_protect_hv.spice
/home/baywatcher/projects/test/linsorter/spi/lvs/mprj2_logic_high.spice
/home/baywatcher/projects/test/linsorter/spi/lvs/mprj_logic_high.spice
/home/baywatcher/projects/test/linsorter/spi/lvs/simple_por.spice
/home/baywatcher/projects/test/linsorter/spi/lvs/sky130_fd_sc_hvl__lsbufhv2lv_1_wrapped.spice
/home/baywatcher/projects/test/linsorter/spi/lvs/storage.spice
/home/baywatcher/projects/test/linsorter/spi/lvs/user_id_programming.spice
/home/baywatcher/projects/test/linsorter/spi/lvs/user_proj_example.spice
/home/baywatcher/projects/test/linsorter/spi/lvs/user_project_wrapper.spice
/home/baywatcher/projects/test/linsorter/verilog/dv/caravel/sections.lds
/home/baywatcher/projects/test/linsorter/verilog/dv/caravel/spiflash.v
/home/baywatcher/projects/test/linsorter/verilog/dv/caravel/start.s
/home/baywatcher/projects/test/linsorter/verilog/dv/caravel/tbuart.v
/home/baywatcher/projects/test/linsorter/verilog/dv/caravel/mgmt_soc/gpio/gpio_tb.v
/home/baywatcher/projects/test/linsorter/verilog/dv/caravel/mgmt_soc/mem/mem_tb.v
/home/baywatcher/projects/test/linsorter/verilog/dv/caravel/mgmt_soc/perf/perf_tb.v
/home/baywatcher/projects/test/linsorter/verilog/dv/caravel/mgmt_soc/storage/storage_tb.v
/home/baywatcher/projects/test/linsorter/verilog/dv/caravel/mgmt_soc/timer/timer_tb.v
/home/baywatcher/projects/test/linsorter/verilog/dv/caravel/mgmt_soc/timer2/timer2_tb.v
/home/baywatcher/projects/test/linsorter/verilog/dv/caravel/mgmt_soc/uart/uart_tb.v
/home/baywatcher/projects/test/linsorter/verilog/gl/caravel.v
/home/baywatcher/projects/test/linsorter/verilog/gl/chip_io.v
/home/baywatcher/projects/test/linsorter/verilog/gl/mgmt_protect.v
/home/baywatcher/projects/test/linsorter/verilog/gl/mgmt_protect_hv.v
/home/baywatcher/projects/test/linsorter/verilog/gl/mprj2_logic_high.v
/home/baywatcher/projects/test/linsorter/verilog/gl/mprj_logic_high.v
/home/baywatcher/projects/test/linsorter/verilog/gl/sky130_fd_sc_hvl__lsbufhv2lv_1_wrapped.v
/home/baywatcher/projects/test/linsorter/verilog/gl/user_proj_example.v
/home/baywatcher/projects/test/linsorter/verilog/gl/user_project_wrapper.v
/home/baywatcher/projects/test/linsorter/verilog/rtl/mgmt_soc.v
/home/baywatcher/projects/test/linsorter/verilog/rtl/mprj2_logic_high.v
/home/baywatcher/projects/test/linsorter/verilog/rtl/mprj_logic_high.v
/home/baywatcher/projects/test/linsorter/verilog/rtl/picorv32.v
/home/baywatcher/projects/test/linsorter/verilog/rtl/simpleuart.v
/home/baywatcher/projects/test/linsorter/verilog/rtl/spimemio.v
/home/baywatcher/projects/test/linsorter/checks/caravel.magic.typelist
/home/baywatcher/projects/test/linsorter/checks/caravel.magic.namelist
/home/baywatcher/projects/test/linsorter/checks/mprj.magic.typelist
/home/baywatcher/projects/test/linsorter/checks/mprj.magic.namelist
